<?xml version="1.0" encoding="UTF-8"?>
<testsuite name="EndangeredAnimalTest" tests="1" skipped="0" failures="0" errors="0" timestamp="2021-08-13T11:03:46" hostname="sirkadima-HP-Compaq-6200-Pro-SFF-PC" time="0.017">
  <properties/>
  <testcase name="EndangeredAnimalClassExists()" classname="EndangeredAnimalTest" time="0.017"/>
  <system-out><![CDATA[]]></system-out>
  <system-err><![CDATA[]]></system-err>
</testsuite>
