<?xml version="1.0" encoding="UTF-8"?>
<testsuite name="modules.AnimalTest" tests="3" skipped="0" failures="0" errors="0" timestamp="2021-08-15T02:26:30" hostname="sirkadima-HP-Compaq-6200-Pro-SFF-PC" time="0.005">
  <properties/>
  <testcase name="AnimalObjectsAreAddedToAnimalArrayList()" classname="modules.AnimalTest" time="0.001"/>
  <testcase name="AnimalIdInstantiatesWithAValueOf1()" classname="modules.AnimalTest" time="0.001"/>
  <testcase name="AnimalClassExists()" classname="modules.AnimalTest" time="0.001"/>
  <system-out><![CDATA[]]></system-out>
  <system-err><![CDATA[]]></system-err>
</testsuite>
