<?xml version="1.0" encoding="UTF-8"?>
<testsuite name="modules.AnimalTest" tests="1" skipped="0" failures="0" errors="0" timestamp="2021-08-13T12:03:25" hostname="sirkadima-HP-Compaq-6200-Pro-SFF-PC" time="0.017">
  <properties/>
  <testcase name="AnimalClassExists()" classname="modules.AnimalTest" time="0.017"/>
  <system-out><![CDATA[]]></system-out>
  <system-err><![CDATA[]]></system-err>
</testsuite>
